This is pdfTeX, Version 3.141592653-2.6-1.40.25 (MiKTeX 23.5) (preloaded format=pdflatex 2023.5.14)  9 MAR 2025 22:32
entering extended mode
 restricted \write18 enabled.
 %&-line parsing enabled.
**./project.tex
(project.tex
LaTeX2e <2022-11-01> patch level 1
L3 programming layer <2023-05-11> (Assignment.cls
Document Class: Assignment A class for Assignment document preparation
(C:\Users\matsi\AppData\Local\Programs\MiKTeX\tex/latex/base\article.cls
Document Class: article 2022/07/02 v1.4n Standard LaTeX document class
(C:\Users\matsi\AppData\Local\Programs\MiKTeX\tex/latex/base\size12.clo
File: size12.clo 2022/07/02 v1.4n Standard LaTeX file (size option)
)
\c@part=\count185
\c@section=\count186
\c@subsection=\count187
\c@subsubsection=\count188
\c@paragraph=\count189
\c@subparagraph=\count190
\c@figure=\count191
\c@table=\count192
\abovecaptionskip=\skip48
\belowcaptionskip=\skip49
\bibindent=\dimen140
)
(C:\Users\matsi\AppData\Local\Programs\MiKTeX\tex/latex/base\ifthen.sty
Package: ifthen 2022/04/13 v1.1d Standard LaTeX ifthen package (DPC)
)
(C:\Users\matsi\AppData\Local\Programs\MiKTeX\tex/latex/xifthen\xifthen.sty
Package: xifthen 2015/11/05 v1.4.0 Extended ifthen features

(C:\Users\matsi\AppData\Local\Programs\MiKTeX\tex/latex/tools\calc.sty
Package: calc 2017/05/25 v4.3 Infix arithmetic (KKT,FJ)
\calc@Acount=\count193
\calc@Bcount=\count194
\calc@Adimen=\dimen141
\calc@Bdimen=\dimen142
\calc@Askip=\skip50
\calc@Bskip=\skip51
LaTeX Info: Redefining \setlength on input line 80.
LaTeX Info: Redefining \addtolength on input line 81.
\calc@Ccount=\count195
\calc@Cskip=\skip52
)
(C:\Users\matsi\AppData\Local\Programs\MiKTeX\tex/latex/ifmtarg\ifmtarg.sty
Package: ifmtarg 2018/04/16 v1.2b check for an empty argument
))
(C:\Users\matsi\AppData\Local\Programs\MiKTeX\tex/latex/isodate\isodate.sty
Package: isodate 2010/01/03 v2.30 Print dates with different formats (HH)

(C:\Users\matsi\AppData\Local\Programs\MiKTeX\tex/latex/substr\substr.sty
Package: substr 2009/10/20 v1.2 Handle substrings
\c@su@anzahl=\count196
)
(C:\Users\matsi\AppData\Local\Programs\MiKTeX\tex/latex/isodate\english.idf
File: english.idf 2010/01/03 v2.30 Language definitions for isodate package (HH
)

Define commands for English date format
)
\c@iso@tmpmonth=\count197
\c@iso@yeartwo=\count198
\c@iso@slash=\count199
\c@iso@minus=\count266
\c@iso@dot=\count267
\c@iso@@slash=\count268
\c@iso@@minus=\count269
\c@iso@@dot=\count270
) (C:\Users\matsi\AppData\Local\Programs\MiKTeX\tex/latex/ltxmisc\concrete.sty
Package: concrete 1996/10/08
(C:\Users\matsi\AppData\Local\Programs\MiKTeX\tex/latex/beton\beton.sty
Package: beton 1995/03/05 v1.3

Package: `beton' v1.3 <1995/03/05> (FJ)
LaTeX Info: Redefining \oldstylenums on input line 56.
) (C:\Users\matsi\AppData\Local\Programs\MiKTeX\tex/latex/euler\euler.sty
Package: euler 1995/03/05 v2.5

Package: `euler' v2.5 <1995/03/05> (FJ and FMi)
LaTeX Font Info:    Redeclaring symbol font `letters' on input line 35.
LaTeX Font Info:    Encoding `OML' has changed to `U' for symbol font
(Font)              `letters' in the math version `normal' on input line 35.
LaTeX Font Info:    Overwriting symbol font `letters' in version `normal'
(Font)                  OML/cmm/m/it --> U/eur/m/n on input line 35.
LaTeX Font Info:    Encoding `OML' has changed to `U' for symbol font
(Font)              `letters' in the math version `bold' on input line 35.
LaTeX Font Info:    Overwriting symbol font `letters' in version `bold'
(Font)                  OML/cmm/b/it --> U/eur/m/n on input line 35.
LaTeX Font Info:    Overwriting symbol font `letters' in version `bold'
(Font)                  U/eur/m/n --> U/eur/b/n on input line 36.
LaTeX Font Info:    Redeclaring math symbol \Gamma on input line 47.
LaTeX Font Info:    Redeclaring math symbol \Delta on input line 48.
LaTeX Font Info:    Redeclaring math symbol \Theta on input line 49.
LaTeX Font Info:    Redeclaring math symbol \Lambda on input line 50.
LaTeX Font Info:    Redeclaring math symbol \Xi on input line 51.
LaTeX Font Info:    Redeclaring math symbol \Pi on input line 52.
LaTeX Font Info:    Redeclaring math symbol \Sigma on input line 53.
LaTeX Font Info:    Redeclaring math symbol \Upsilon on input line 54.
LaTeX Font Info:    Redeclaring math symbol \Phi on input line 55.
LaTeX Font Info:    Redeclaring math symbol \Psi on input line 56.
LaTeX Font Info:    Redeclaring math symbol \Omega on input line 57.
\symEulerFraktur=\mathgroup4
LaTeX Font Info:    Overwriting symbol font `EulerFraktur' in version `bold'
(Font)                  U/euf/m/n --> U/euf/b/n on input line 63.
LaTeX Info: Redefining \oldstylenums on input line 85.
\symEulerScript=\mathgroup5
LaTeX Font Info:    Overwriting symbol font `EulerScript' in version `bold'
(Font)                  U/eus/m/n --> U/eus/b/n on input line 93.
LaTeX Font Info:    Redeclaring math symbol \aleph on input line 97.
LaTeX Font Info:    Redeclaring math symbol \Re on input line 98.
LaTeX Font Info:    Redeclaring math symbol \Im on input line 99.
LaTeX Font Info:    Redeclaring math delimiter \vert on input line 101.
LaTeX Font Info:    Redeclaring math delimiter \backslash on input line 103.
LaTeX Font Info:    Redeclaring math symbol \neg on input line 106.
LaTeX Font Info:    Redeclaring math symbol \wedge on input line 108.
LaTeX Font Info:    Redeclaring math symbol \vee on input line 110.
LaTeX Font Info:    Redeclaring math symbol \setminus on input line 112.
LaTeX Font Info:    Redeclaring math symbol \sim on input line 113.
LaTeX Font Info:    Redeclaring math symbol \mid on input line 114.
LaTeX Font Info:    Redeclaring math delimiter \arrowvert on input line 116.
LaTeX Font Info:    Redeclaring math symbol \mathsection on input line 117.
\symEulerExtension=\mathgroup6
LaTeX Font Info:    Redeclaring math symbol \coprod on input line 125.
LaTeX Font Info:    Redeclaring math symbol \prod on input line 125.
LaTeX Font Info:    Redeclaring math symbol \sum on input line 125.
LaTeX Font Info:    Redeclaring math symbol \intop on input line 130.
LaTeX Font Info:    Redeclaring math symbol \ointop on input line 131.
LaTeX Font Info:    Redeclaring math symbol \braceld on input line 132.
LaTeX Font Info:    Redeclaring math symbol \bracerd on input line 133.
LaTeX Font Info:    Redeclaring math symbol \bracelu on input line 134.
LaTeX Font Info:    Redeclaring math symbol \braceru on input line 135.
LaTeX Font Info:    Redeclaring math symbol \infty on input line 136.
LaTeX Font Info:    Redeclaring math symbol \nearrow on input line 153.
LaTeX Font Info:    Redeclaring math symbol \searrow on input line 154.
LaTeX Font Info:    Redeclaring math symbol \nwarrow on input line 155.
LaTeX Font Info:    Redeclaring math symbol \swarrow on input line 156.
LaTeX Font Info:    Redeclaring math symbol \Leftrightarrow on input line 157.
LaTeX Font Info:    Redeclaring math symbol \Leftarrow on input line 158.
LaTeX Font Info:    Redeclaring math symbol \Rightarrow on input line 159.
LaTeX Font Info:    Redeclaring math symbol \leftrightarrow on input line 160.
LaTeX Font Info:    Redeclaring math symbol \leftarrow on input line 161.
LaTeX Font Info:    Redeclaring math symbol \rightarrow on input line 163.
LaTeX Font Info:    Redeclaring math delimiter \uparrow on input line 166.
LaTeX Font Info:    Redeclaring math delimiter \downarrow on input line 168.
LaTeX Font Info:    Redeclaring math delimiter \updownarrow on input line 170.
LaTeX Font Info:    Redeclaring math delimiter \Uparrow on input line 172.
LaTeX Font Info:    Redeclaring math delimiter \Downarrow on input line 174.
LaTeX Font Info:    Redeclaring math delimiter \Updownarrow on input line 176.
LaTeX Font Info:    Redeclaring math symbol \leftharpoonup on input line 177.
LaTeX Font Info:    Redeclaring math symbol \leftharpoondown on input line 178.

LaTeX Font Info:    Redeclaring math symbol \rightharpoonup on input line 179.
LaTeX Font Info:    Redeclaring math symbol \rightharpoondown on input line 180
.
LaTeX Font Info:    Redeclaring math delimiter \lbrace on input line 182.
LaTeX Font Info:    Redeclaring math delimiter \rbrace on input line 184.
\symcmmigroup=\mathgroup7
LaTeX Font Info:    Overwriting symbol font `cmmigroup' in version `bold'
(Font)                  OML/cmm/m/it --> OML/cmm/b/it on input line 200.
LaTeX Font Info:    Redeclaring math accent \vec on input line 201.
LaTeX Font Info:    Redeclaring math symbol \triangleleft on input line 202.
LaTeX Font Info:    Redeclaring math symbol \triangleright on input line 203.
LaTeX Font Info:    Redeclaring math symbol \star on input line 204.
LaTeX Font Info:    Redeclaring math symbol \lhook on input line 205.
LaTeX Font Info:    Redeclaring math symbol \rhook on input line 206.
LaTeX Font Info:    Redeclaring math symbol \flat on input line 207.
LaTeX Font Info:    Redeclaring math symbol \natural on input line 208.
LaTeX Font Info:    Redeclaring math symbol \sharp on input line 209.
LaTeX Font Info:    Redeclaring math symbol \smile on input line 210.
LaTeX Font Info:    Redeclaring math symbol \frown on input line 211.
LaTeX Font Info:    Redeclaring math accent \hat on input line 254.
)) (C:\Users\matsi\AppData\Local\Programs\MiKTeX\tex/latex/base\fontenc.sty
Package: fontenc 2021/04/29 v2.0v Standard LaTeX package
LaTeX Font Info:    Trying to load font information for OT1+ccr on input line 1
12.

(C:\Users\matsi\AppData\Local\Programs\MiKTeX\tex/latex/concmath\ot1ccr.fd
File: ot1ccr.fd 1999/03/10 v2.0b LaTeX font defs for Concrete math fonts
))
(C:\Users\matsi\AppData\Local\Programs\MiKTeX\tex/latex/preprint\fullpage.sty
Package: fullpage 1999/02/23 1.1 (PWD)
\FP@margin=\skip53
)
(C:\Users\matsi\AppData\Local\Programs\MiKTeX\tex/latex/geometry\geometry.sty
Package: geometry 2020/01/02 v5.9 Page Geometry

(C:\Users\matsi\AppData\Local\Programs\MiKTeX\tex/latex/graphics\keyval.sty
Package: keyval 2022/05/29 v1.15 key=value parser (DPC)
\KV@toks@=\toks16
)
(C:\Users\matsi\AppData\Local\Programs\MiKTeX\tex/generic/iftex\ifvtex.sty
Package: ifvtex 2019/10/25 v1.7 ifvtex legacy package. Use iftex instead.

(C:\Users\matsi\AppData\Local\Programs\MiKTeX\tex/generic/iftex\iftex.sty
Package: iftex 2022/02/03 v1.0f TeX engine tests
))
\Gm@cnth=\count271
\Gm@cntv=\count272
\c@Gm@tempcnt=\count273
\Gm@bindingoffset=\dimen143
\Gm@wd@mp=\dimen144
\Gm@odd@mp=\dimen145
\Gm@even@mp=\dimen146
\Gm@layoutwidth=\dimen147
\Gm@layoutheight=\dimen148
\Gm@layouthoffset=\dimen149
\Gm@layoutvoffset=\dimen150
\Gm@dimlist=\toks17

(C:\Users\matsi\AppData\Local\Programs\MiKTeX\tex/latex/geometry\geometry.cfg))
(C:\Users\matsi\AppData\Local\Programs\MiKTeX\tex/latex/tools\tabularx.sty
Package: tabularx 2020/01/15 v2.11c `tabularx' package (DPC)

(C:\Users\matsi\AppData\Local\Programs\MiKTeX\tex/latex/tools\array.sty
Package: array 2022/09/04 v2.5g Tabular extension package (FMi)
\col@sep=\dimen151
\ar@mcellbox=\box51
\extrarowheight=\dimen152
\NC@list=\toks18
\extratabsurround=\skip54
\backup@length=\skip55
\ar@cellbox=\box52
)
\TX@col@width=\dimen153
\TX@old@table=\dimen154
\TX@old@col=\dimen155
\TX@target=\dimen156
\TX@delta=\dimen157
\TX@cols=\count274
\TX@ftn=\toks19
)
(C:\Users\matsi\AppData\Local\Programs\MiKTeX\tex/latex/amsmath\amsmath.sty
Package: amsmath 2022/04/08 v2.17n AMS math features
\@mathmargin=\skip56

For additional information on amsmath, use the `?' option.
(C:\Users\matsi\AppData\Local\Programs\MiKTeX\tex/latex/amsmath\amstext.sty
Package: amstext 2021/08/26 v2.01 AMS text

(C:\Users\matsi\AppData\Local\Programs\MiKTeX\tex/latex/amsmath\amsgen.sty
File: amsgen.sty 1999/11/30 v2.0 generic functions
\@emptytoks=\toks20
\ex@=\dimen158
))
(C:\Users\matsi\AppData\Local\Programs\MiKTeX\tex/latex/amsmath\amsbsy.sty
Package: amsbsy 1999/11/29 v1.2d Bold Symbols
\pmbraise@=\dimen159
)
(C:\Users\matsi\AppData\Local\Programs\MiKTeX\tex/latex/amsmath\amsopn.sty
Package: amsopn 2022/04/08 v2.04 operator names
)
\inf@bad=\count275
LaTeX Info: Redefining \frac on input line 234.
\uproot@=\count276
\leftroot@=\count277
LaTeX Info: Redefining \overline on input line 399.
LaTeX Info: Redefining \colon on input line 410.
\classnum@=\count278
\DOTSCASE@=\count279
LaTeX Info: Redefining \ldots on input line 496.
LaTeX Info: Redefining \dots on input line 499.
LaTeX Info: Redefining \cdots on input line 620.
\Mathstrutbox@=\box53
\strutbox@=\box54
LaTeX Info: Redefining \big on input line 722.
LaTeX Info: Redefining \Big on input line 723.
LaTeX Info: Redefining \bigg on input line 724.
LaTeX Info: Redefining \Bigg on input line 725.
\big@size=\dimen160
LaTeX Font Info:    Redeclaring font encoding OML on input line 743.
LaTeX Font Info:    Redeclaring font encoding OMS on input line 744.
\macc@depth=\count280
LaTeX Info: Redefining \bmod on input line 905.
LaTeX Info: Redefining \pmod on input line 910.
LaTeX Info: Redefining \smash on input line 940.
LaTeX Info: Redefining \relbar on input line 970.
LaTeX Info: Redefining \Relbar on input line 971.
\c@MaxMatrixCols=\count281
\dotsspace@=\muskip16
\c@parentequation=\count282
\dspbrk@lvl=\count283
\tag@help=\toks21
\row@=\count284
\column@=\count285
\maxfields@=\count286
\andhelp@=\toks22
\eqnshift@=\dimen161
\alignsep@=\dimen162
\tagshift@=\dimen163
\tagwidth@=\dimen164
\totwidth@=\dimen165
\lineht@=\dimen166
\@envbody=\toks23
\multlinegap=\skip57
\multlinetaggap=\skip58
\mathdisplay@stack=\toks24
LaTeX Info: Redefining \[ on input line 2953.
LaTeX Info: Redefining \] on input line 2954.
)
(C:\Users\matsi\AppData\Local\Programs\MiKTeX\tex/latex/tensor\tensor.sty
Package: tensor 2004/12/20 v2.1 tensor indices package (PGR)
\tnsr@Sps=\toks25
\tnsr@Sbs=\toks26
\tnsr@Spe=\toks27
\tnsr@Sbe=\toks28
\ncld@Mno=\toks29
)
(C:\Users\matsi\AppData\Local\Programs\MiKTeX\tex/latex/xcolor\xcolor.sty
Package: xcolor 2022/06/12 v2.14 LaTeX color extensions (UK)

(C:\Users\matsi\AppData\Local\Programs\MiKTeX\tex/latex/graphics-cfg\color.cfg
File: color.cfg 2016/01/02 v1.6 sample color configuration
)
Package xcolor Info: Driver file: pdftex.def on input line 227.

(C:\Users\matsi\AppData\Local\Programs\MiKTeX\tex/latex/graphics-def\pdftex.def
File: pdftex.def 2022/09/22 v1.2b Graphics/color driver for pdftex
)
(C:\Users\matsi\AppData\Local\Programs\MiKTeX\tex/latex/graphics\mathcolor.ltx)
Package xcolor Info: Model `cmy' substituted by `cmy0' on input line 1353.
Package xcolor Info: Model `hsb' substituted by `rgb' on input line 1357.
Package xcolor Info: Model `RGB' extended on input line 1369.
Package xcolor Info: Model `HTML' substituted by `rgb' on input line 1371.
Package xcolor Info: Model `Hsb' substituted by `hsb' on input line 1372.
Package xcolor Info: Model `tHsb' substituted by `hsb' on input line 1373.
Package xcolor Info: Model `HSB' substituted by `hsb' on input line 1374.
Package xcolor Info: Model `Gray' substituted by `gray' on input line 1375.
Package xcolor Info: Model `wave' substituted by `hsb' on input line 1376.
) (C:\Users\matsi\AppData\Local\Programs\MiKTeX\tex/latex/graphics\graphicx.sty
Package: graphicx 2021/09/16 v1.2d Enhanced LaTeX Graphics (DPC,SPQR)
(C:\Users\matsi\AppData\Local\Programs\MiKTeX\tex/latex/graphics\graphics.sty
Package: graphics 2022/03/10 v1.4e Standard LaTeX Graphics (DPC,SPQR)

(C:\Users\matsi\AppData\Local\Programs\MiKTeX\tex/latex/graphics\trig.sty
Package: trig 2021/08/11 v1.11 sin cos tan (DPC)
)
(C:\Users\matsi\AppData\Local\Programs\MiKTeX\tex/latex/graphics-cfg\graphics.c
fg
File: graphics.cfg 2016/06/04 v1.11 sample graphics configuration
)
Package graphics Info: Driver file: pdftex.def on input line 107.
)
\Gin@req@height=\dimen167
\Gin@req@width=\dimen168
)
(C:\Users\matsi\AppData\Local\Programs\MiKTeX\tex/latex/caption\subcaption.sty
Package: subcaption 2023/02/19 v1.6 Sub-captions (AR)

(C:\Users\matsi\AppData\Local\Programs\MiKTeX\tex/latex/caption\caption.sty
Package: caption 2023/03/12 v3.6j Customizing captions (AR)

(C:\Users\matsi\AppData\Local\Programs\MiKTeX\tex/latex/caption\caption3.sty
Package: caption3 2023/03/12 v2.4 caption3 kernel (AR)
\caption@tempdima=\dimen169
\captionmargin=\dimen170
\caption@leftmargin=\dimen171
\caption@rightmargin=\dimen172
\caption@width=\dimen173
\caption@indent=\dimen174
\caption@parindent=\dimen175
\caption@hangindent=\dimen176
Package caption Info: Standard document class detected.
)
\c@caption@flags=\count287
\c@continuedfloat=\count288
)
Package caption Info: New subtype `subfigure' on input line 239.
\c@subfigure=\count289
Package caption Info: New subtype `subtable' on input line 239.
\c@subtable=\count290
) (C:\Users\matsi\AppData\Local\Programs\MiKTeX\tex/latex/lastpage\lastpage.sty
Package: lastpage 2023/04/12 v2.0b lastpage: 2.09 or 2e? (HMM)

(C:\Users\matsi\AppData\Local\Programs\MiKTeX\tex/latex/lastpage\lastpage2e.sty
Package: lastpage2e 2023/04/12 v2.0b Decide which 2e lastpage version to use (H
MM)

(C:\Users\matsi\AppData\Local\Programs\MiKTeX\tex/latex/lastpage\lastpagemodern
.sty
Package: lastpagemodern 2023-04-12 v2.0b Refers to last page's name (HMM; JPG)
) 
))
(C:\Users\matsi\AppData\Local\Programs\MiKTeX\tex/latex/fancyhdr\fancyhdr.sty
Package: fancyhdr 2022/11/09 v4.1 Extensive control of page headers and footers

\f@nch@headwidth=\skip59
\f@nch@O@elh=\skip60
\f@nch@O@erh=\skip61
\f@nch@O@olh=\skip62
\f@nch@O@orh=\skip63
\f@nch@O@elf=\skip64
\f@nch@O@erf=\skip65
\f@nch@O@olf=\skip66
\f@nch@O@orf=\skip67
))
(C:\Users\matsi\AppData\Local\Programs\MiKTeX\tex/latex/pgf/frontendlayer\tikz.
sty
(C:\Users\matsi\AppData\Local\Programs\MiKTeX\tex/latex/pgf/basiclayer\pgf.sty
(C:\Users\matsi\AppData\Local\Programs\MiKTeX\tex/latex/pgf/utilities\pgfrcs.st
y
(C:\Users\matsi\AppData\Local\Programs\MiKTeX\tex/generic/pgf/utilities\pgfutil
-common.tex
\pgfutil@everybye=\toks30
\pgfutil@tempdima=\dimen177
\pgfutil@tempdimb=\dimen178
)
(C:\Users\matsi\AppData\Local\Programs\MiKTeX\tex/generic/pgf/utilities\pgfutil
-latex.def
\pgfutil@abb=\box55
)
(C:\Users\matsi\AppData\Local\Programs\MiKTeX\tex/generic/pgf/utilities\pgfrcs.
code.tex
(C:\Users\matsi\AppData\Local\Programs\MiKTeX\tex/generic/pgf\pgf.revision.tex)
Package: pgfrcs 2023-01-15 v3.1.10 (3.1.10)
))
Package: pgf 2023-01-15 v3.1.10 (3.1.10)

(C:\Users\matsi\AppData\Local\Programs\MiKTeX\tex/latex/pgf/basiclayer\pgfcore.
sty
(C:\Users\matsi\AppData\Local\Programs\MiKTeX\tex/latex/pgf/systemlayer\pgfsys.
sty
(C:\Users\matsi\AppData\Local\Programs\MiKTeX\tex/generic/pgf/systemlayer\pgfsy
s.code.tex
Package: pgfsys 2023-01-15 v3.1.10 (3.1.10)

(C:\Users\matsi\AppData\Local\Programs\MiKTeX\tex/generic/pgf/utilities\pgfkeys
.code.tex
\pgfkeys@pathtoks=\toks31
\pgfkeys@temptoks=\toks32

(C:\Users\matsi\AppData\Local\Programs\MiKTeX\tex/generic/pgf/utilities\pgfkeys
libraryfiltered.code.tex
\pgfkeys@tmptoks=\toks33
))
\pgf@x=\dimen179
\pgf@y=\dimen180
\pgf@xa=\dimen181
\pgf@ya=\dimen182
\pgf@xb=\dimen183
\pgf@yb=\dimen184
\pgf@xc=\dimen185
\pgf@yc=\dimen186
\pgf@xd=\dimen187
\pgf@yd=\dimen188
\w@pgf@writea=\write3
\r@pgf@reada=\read2
\c@pgf@counta=\count291
\c@pgf@countb=\count292
\c@pgf@countc=\count293
\c@pgf@countd=\count294
\t@pgf@toka=\toks34
\t@pgf@tokb=\toks35
\t@pgf@tokc=\toks36
\pgf@sys@id@count=\count295

(C:\Users\matsi\AppData\Local\Programs\MiKTeX\tex/generic/pgf/systemlayer\pgf.c
fg
File: pgf.cfg 2023-01-15 v3.1.10 (3.1.10)
)
Driver file for pgf: pgfsys-pdftex.def

(C:\Users\matsi\AppData\Local\Programs\MiKTeX\tex/generic/pgf/systemlayer\pgfsy
s-pdftex.def
File: pgfsys-pdftex.def 2023-01-15 v3.1.10 (3.1.10)

(C:\Users\matsi\AppData\Local\Programs\MiKTeX\tex/generic/pgf/systemlayer\pgfsy
s-common-pdf.def
File: pgfsys-common-pdf.def 2023-01-15 v3.1.10 (3.1.10)
)))
(C:\Users\matsi\AppData\Local\Programs\MiKTeX\tex/generic/pgf/systemlayer\pgfsy
ssoftpath.code.tex
File: pgfsyssoftpath.code.tex 2023-01-15 v3.1.10 (3.1.10)
\pgfsyssoftpath@smallbuffer@items=\count296
\pgfsyssoftpath@bigbuffer@items=\count297
)
(C:\Users\matsi\AppData\Local\Programs\MiKTeX\tex/generic/pgf/systemlayer\pgfsy
sprotocol.code.tex
File: pgfsysprotocol.code.tex 2023-01-15 v3.1.10 (3.1.10)
))
(C:\Users\matsi\AppData\Local\Programs\MiKTeX\tex/generic/pgf/basiclayer\pgfcor
e.code.tex
Package: pgfcore 2023-01-15 v3.1.10 (3.1.10)

(C:\Users\matsi\AppData\Local\Programs\MiKTeX\tex/generic/pgf/math\pgfmath.code
.tex
(C:\Users\matsi\AppData\Local\Programs\MiKTeX\tex/generic/pgf/math\pgfmathutil.
code.tex)
(C:\Users\matsi\AppData\Local\Programs\MiKTeX\tex/generic/pgf/math\pgfmathparse
r.code.tex
\pgfmath@dimen=\dimen189
\pgfmath@count=\count298
\pgfmath@box=\box56
\pgfmath@toks=\toks37
\pgfmath@stack@operand=\toks38
\pgfmath@stack@operation=\toks39
)
(C:\Users\matsi\AppData\Local\Programs\MiKTeX\tex/generic/pgf/math\pgfmathfunct
ions.code.tex)
(C:\Users\matsi\AppData\Local\Programs\MiKTeX\tex/generic/pgf/math\pgfmathfunct
ions.basic.code.tex)
(C:\Users\matsi\AppData\Local\Programs\MiKTeX\tex/generic/pgf/math\pgfmathfunct
ions.trigonometric.code.tex)
(C:\Users\matsi\AppData\Local\Programs\MiKTeX\tex/generic/pgf/math\pgfmathfunct
ions.random.code.tex)
(C:\Users\matsi\AppData\Local\Programs\MiKTeX\tex/generic/pgf/math\pgfmathfunct
ions.comparison.code.tex)
(C:\Users\matsi\AppData\Local\Programs\MiKTeX\tex/generic/pgf/math\pgfmathfunct
ions.base.code.tex)
(C:\Users\matsi\AppData\Local\Programs\MiKTeX\tex/generic/pgf/math\pgfmathfunct
ions.round.code.tex)
(C:\Users\matsi\AppData\Local\Programs\MiKTeX\tex/generic/pgf/math\pgfmathfunct
ions.misc.code.tex)
(C:\Users\matsi\AppData\Local\Programs\MiKTeX\tex/generic/pgf/math\pgfmathfunct
ions.integerarithmetics.code.tex)
(C:\Users\matsi\AppData\Local\Programs\MiKTeX\tex/generic/pgf/math\pgfmathcalc.
code.tex)
(C:\Users\matsi\AppData\Local\Programs\MiKTeX\tex/generic/pgf/math\pgfmathfloat
.code.tex
\c@pgfmathroundto@lastzeros=\count299
))
(C:\Users\matsi\AppData\Local\Programs\MiKTeX\tex/generic/pgf/math\pgfint.code.
tex)
(C:\Users\matsi\AppData\Local\Programs\MiKTeX\tex/generic/pgf/basiclayer\pgfcor
epoints.code.tex
File: pgfcorepoints.code.tex 2023-01-15 v3.1.10 (3.1.10)
\pgf@picminx=\dimen190
\pgf@picmaxx=\dimen191
\pgf@picminy=\dimen192
\pgf@picmaxy=\dimen193
\pgf@pathminx=\dimen194
\pgf@pathmaxx=\dimen195
\pgf@pathminy=\dimen196
\pgf@pathmaxy=\dimen197
\pgf@xx=\dimen198
\pgf@xy=\dimen199
\pgf@yx=\dimen256
\pgf@yy=\dimen257
\pgf@zx=\dimen258
\pgf@zy=\dimen259
)
(C:\Users\matsi\AppData\Local\Programs\MiKTeX\tex/generic/pgf/basiclayer\pgfcor
epathconstruct.code.tex
File: pgfcorepathconstruct.code.tex 2023-01-15 v3.1.10 (3.1.10)
\pgf@path@lastx=\dimen260
\pgf@path@lasty=\dimen261
)
(C:\Users\matsi\AppData\Local\Programs\MiKTeX\tex/generic/pgf/basiclayer\pgfcor
epathusage.code.tex
File: pgfcorepathusage.code.tex 2023-01-15 v3.1.10 (3.1.10)
\pgf@shorten@end@additional=\dimen262
\pgf@shorten@start@additional=\dimen263
)
(C:\Users\matsi\AppData\Local\Programs\MiKTeX\tex/generic/pgf/basiclayer\pgfcor
escopes.code.tex
File: pgfcorescopes.code.tex 2023-01-15 v3.1.10 (3.1.10)
\pgfpic=\box57
\pgf@hbox=\box58
\pgf@layerbox@main=\box59
\pgf@picture@serial@count=\count300
)
(C:\Users\matsi\AppData\Local\Programs\MiKTeX\tex/generic/pgf/basiclayer\pgfcor
egraphicstate.code.tex
File: pgfcoregraphicstate.code.tex 2023-01-15 v3.1.10 (3.1.10)
\pgflinewidth=\dimen264
)
(C:\Users\matsi\AppData\Local\Programs\MiKTeX\tex/generic/pgf/basiclayer\pgfcor
etransformations.code.tex
File: pgfcoretransformations.code.tex 2023-01-15 v3.1.10 (3.1.10)
\pgf@pt@x=\dimen265
\pgf@pt@y=\dimen266
\pgf@pt@temp=\dimen267
)
(C:\Users\matsi\AppData\Local\Programs\MiKTeX\tex/generic/pgf/basiclayer\pgfcor
equick.code.tex
File: pgfcorequick.code.tex 2023-01-15 v3.1.10 (3.1.10)
)
(C:\Users\matsi\AppData\Local\Programs\MiKTeX\tex/generic/pgf/basiclayer\pgfcor
eobjects.code.tex
File: pgfcoreobjects.code.tex 2023-01-15 v3.1.10 (3.1.10)
)
(C:\Users\matsi\AppData\Local\Programs\MiKTeX\tex/generic/pgf/basiclayer\pgfcor
epathprocessing.code.tex
File: pgfcorepathprocessing.code.tex 2023-01-15 v3.1.10 (3.1.10)
)
(C:\Users\matsi\AppData\Local\Programs\MiKTeX\tex/generic/pgf/basiclayer\pgfcor
earrows.code.tex
File: pgfcorearrows.code.tex 2023-01-15 v3.1.10 (3.1.10)
\pgfarrowsep=\dimen268
)
(C:\Users\matsi\AppData\Local\Programs\MiKTeX\tex/generic/pgf/basiclayer\pgfcor
eshade.code.tex
File: pgfcoreshade.code.tex 2023-01-15 v3.1.10 (3.1.10)
\pgf@max=\dimen269
\pgf@sys@shading@range@num=\count301
\pgf@shadingcount=\count302
)
(C:\Users\matsi\AppData\Local\Programs\MiKTeX\tex/generic/pgf/basiclayer\pgfcor
eimage.code.tex
File: pgfcoreimage.code.tex 2023-01-15 v3.1.10 (3.1.10)
)
(C:\Users\matsi\AppData\Local\Programs\MiKTeX\tex/generic/pgf/basiclayer\pgfcor
eexternal.code.tex
File: pgfcoreexternal.code.tex 2023-01-15 v3.1.10 (3.1.10)
\pgfexternal@startupbox=\box60
)
(C:\Users\matsi\AppData\Local\Programs\MiKTeX\tex/generic/pgf/basiclayer\pgfcor
elayers.code.tex
File: pgfcorelayers.code.tex 2023-01-15 v3.1.10 (3.1.10)
)
(C:\Users\matsi\AppData\Local\Programs\MiKTeX\tex/generic/pgf/basiclayer\pgfcor
etransparency.code.tex
File: pgfcoretransparency.code.tex 2023-01-15 v3.1.10 (3.1.10)
)
(C:\Users\matsi\AppData\Local\Programs\MiKTeX\tex/generic/pgf/basiclayer\pgfcor
epatterns.code.tex
File: pgfcorepatterns.code.tex 2023-01-15 v3.1.10 (3.1.10)
)
(C:\Users\matsi\AppData\Local\Programs\MiKTeX\tex/generic/pgf/basiclayer\pgfcor
erdf.code.tex
File: pgfcorerdf.code.tex 2023-01-15 v3.1.10 (3.1.10)
)))
(C:\Users\matsi\AppData\Local\Programs\MiKTeX\tex/generic/pgf/modules\pgfmodule
shapes.code.tex
File: pgfmoduleshapes.code.tex 2023-01-15 v3.1.10 (3.1.10)
\pgfnodeparttextbox=\box61
)
(C:\Users\matsi\AppData\Local\Programs\MiKTeX\tex/generic/pgf/modules\pgfmodule
plot.code.tex
File: pgfmoduleplot.code.tex 2023-01-15 v3.1.10 (3.1.10)
)
(C:\Users\matsi\AppData\Local\Programs\MiKTeX\tex/latex/pgf/compatibility\pgfco
mp-version-0-65.sty
Package: pgfcomp-version-0-65 2023-01-15 v3.1.10 (3.1.10)
\pgf@nodesepstart=\dimen270
\pgf@nodesepend=\dimen271
)
(C:\Users\matsi\AppData\Local\Programs\MiKTeX\tex/latex/pgf/compatibility\pgfco
mp-version-1-18.sty
Package: pgfcomp-version-1-18 2023-01-15 v3.1.10 (3.1.10)
))
(C:\Users\matsi\AppData\Local\Programs\MiKTeX\tex/latex/pgf/utilities\pgffor.st
y
(C:\Users\matsi\AppData\Local\Programs\MiKTeX\tex/latex/pgf/utilities\pgfkeys.s
ty
(C:\Users\matsi\AppData\Local\Programs\MiKTeX\tex/generic/pgf/utilities\pgfkeys
.code.tex))
(C:\Users\matsi\AppData\Local\Programs\MiKTeX\tex/latex/pgf/math\pgfmath.sty
(C:\Users\matsi\AppData\Local\Programs\MiKTeX\tex/generic/pgf/math\pgfmath.code
.tex))
(C:\Users\matsi\AppData\Local\Programs\MiKTeX\tex/generic/pgf/utilities\pgffor.
code.tex
Package: pgffor 2023-01-15 v3.1.10 (3.1.10)
\pgffor@iter=\dimen272
\pgffor@skip=\dimen273
\pgffor@stack=\toks40
\pgffor@toks=\toks41
))
(C:\Users\matsi\AppData\Local\Programs\MiKTeX\tex/generic/pgf/frontendlayer/tik
z\tikz.code.tex
Package: tikz 2023-01-15 v3.1.10 (3.1.10)

(C:\Users\matsi\AppData\Local\Programs\MiKTeX\tex/generic/pgf/libraries\pgflibr
aryplothandlers.code.tex
File: pgflibraryplothandlers.code.tex 2023-01-15 v3.1.10 (3.1.10)
\pgf@plot@mark@count=\count303
\pgfplotmarksize=\dimen274
)
\tikz@lastx=\dimen275
\tikz@lasty=\dimen276
\tikz@lastxsaved=\dimen277
\tikz@lastysaved=\dimen278
\tikz@lastmovetox=\dimen279
\tikz@lastmovetoy=\dimen280
\tikzleveldistance=\dimen281
\tikzsiblingdistance=\dimen282
\tikz@figbox=\box62
\tikz@figbox@bg=\box63
\tikz@tempbox=\box64
\tikz@tempbox@bg=\box65
\tikztreelevel=\count304
\tikznumberofchildren=\count305
\tikznumberofcurrentchild=\count306
\tikz@fig@count=\count307

(C:\Users\matsi\AppData\Local\Programs\MiKTeX\tex/generic/pgf/modules\pgfmodule
matrix.code.tex
File: pgfmodulematrix.code.tex 2023-01-15 v3.1.10 (3.1.10)
\pgfmatrixcurrentrow=\count308
\pgfmatrixcurrentcolumn=\count309
\pgf@matrix@numberofcolumns=\count310
)
\tikz@expandcount=\count311

(C:\Users\matsi\AppData\Local\Programs\MiKTeX\tex/generic/pgf/frontendlayer/tik
z/libraries\tikzlibrarytopaths.code.tex
File: tikzlibrarytopaths.code.tex 2023-01-15 v3.1.10 (3.1.10)
)))
(C:\Users\matsi\AppData\Local\Programs\MiKTeX\tex/latex/pdfpages\pdfpages.sty
Package: pdfpages 2025/01/30 v0.6e Insert pages of external PDF documents (AM)

(C:\Users\matsi\AppData\Local\Programs\MiKTeX\tex/latex/eso-pic\eso-pic.sty
Package: eso-pic 2023/05/03 v3.0c eso-pic (RN)
\ESO@tempdima=\dimen283
\ESO@tempdimb=\dimen284
)
(C:\Users\matsi\AppData\Local\Programs\MiKTeX\tex/latex/etoolbox\etoolbox.sty
Package: etoolbox 2020/10/05 v2.5k e-TeX tools for LaTeX (JAW)
\etb@tempcnta=\count312
)
\AM@pagewidth=\dimen285
\AM@pageheight=\dimen286
\AM@fboxrule=\dimen287

(C:\Users\matsi\AppData\Local\Programs\MiKTeX\tex/latex/pdfpages\pppdftex.def
File: pppdftex.def 2025/01/30 v0.6e Pdfpages driver for pdfTeX (AM)
)
\pdfpages@includegraphics@status=\count313
\AM@pagebox=\box66
\AM@global@opts=\toks42
\AM@pagecnt=\count314
\AM@toc@title=\toks43
\AM@lof@heading=\toks44
\c@AM@survey=\count315
\AM@templatesizebox=\box67
)
(C:\Users\matsi\AppData\Local\Programs\MiKTeX\tex/generic/pgf/frontendlayer/tik
z/libraries/graphs\tikzlibrarygraphs.code.tex
File: tikzlibrarygraphs.code.tex 2023-01-15 v3.1.10 (3.1.10)
\tikz@lib@auto@number=\count316
\tikz@qnode@count=\count317
)
(C:\Users\matsi\AppData\Local\Programs\MiKTeX\tex/latex/l3backend\l3backend-pdf
tex.def
File: l3backend-pdftex.def 2023-04-19 L3 backend support: PDF output (pdfTeX)
\l__color_backend_stack_int=\count318
\l__pdf_internal_box=\box68
) (project.aux)
\openout1 = `project.aux'.

LaTeX Font Info:    Checking defaults for OML/cmm/m/it on input line 6.
LaTeX Font Info:    ... okay on input line 6.
LaTeX Font Info:    Checking defaults for OMS/cmsy/m/n on input line 6.
LaTeX Font Info:    ... okay on input line 6.
LaTeX Font Info:    Checking defaults for OT1/cmr/m/n on input line 6.
LaTeX Font Info:    ... okay on input line 6.
LaTeX Font Info:    Checking defaults for T1/cmr/m/n on input line 6.
LaTeX Font Info:    ... okay on input line 6.
LaTeX Font Info:    Checking defaults for TS1/cmr/m/n on input line 6.
LaTeX Font Info:    ... okay on input line 6.
LaTeX Font Info:    Checking defaults for OMX/cmex/m/n on input line 6.
LaTeX Font Info:    ... okay on input line 6.
LaTeX Font Info:    Checking defaults for U/cmr/m/n on input line 6.
LaTeX Font Info:    ... okay on input line 6.

isodate: babel.sty, (n)german.sty have not been loaded
LaTeX Font Info:    Redeclaring symbol font `operators' on input line 6.
LaTeX Font Info:    Overwriting symbol font `operators' in version `normal'
(Font)                  OT1/cmr/m/n --> OT1/ccr/m/up on input line 6.
LaTeX Font Info:    Overwriting symbol font `operators' in version `bold'
(Font)                  OT1/cmr/bx/n --> OT1/ccr/m/up on input line 6.
LaTeX Font Info:    Overwriting symbol font `operators' in version `bold'
(Font)                  OT1/ccr/m/up --> OT1/ccr/b/up on input line 6.
LaTeX Font Info:    Redeclaring math alphabet \mathbf on input line 6.
LaTeX Font Info:    Overwriting math alphabet `\mathbf' in version `normal'
(Font)                  OT1/cmr/bx/n --> OT1/ccr/b/up on input line 6.
LaTeX Font Info:    Overwriting math alphabet `\mathbf' in version `bold'
(Font)                  OT1/cmr/bx/n --> OT1/ccr/b/up on input line 6.
LaTeX Font Info:    Redeclaring math alphabet \mathsf on input line 6.
LaTeX Font Info:    Overwriting math alphabet `\mathsf' in version `normal'
(Font)                  OT1/cmss/m/n --> OT1/cmss/m/up on input line 6.
LaTeX Font Info:    Overwriting math alphabet `\mathsf' in version `bold'
(Font)                  OT1/cmss/bx/n --> OT1/cmss/m/up on input line 6.
LaTeX Font Info:    Redeclaring math alphabet \mathit on input line 6.
LaTeX Font Info:    Overwriting math alphabet `\mathit' in version `normal'
(Font)                  OT1/cmr/m/it --> OT1/ccr/m/it on input line 6.
LaTeX Font Info:    Overwriting math alphabet `\mathit' in version `bold'
(Font)                  OT1/cmr/bx/it --> OT1/ccr/m/it on input line 6.
LaTeX Font Info:    Redeclaring math alphabet \mathtt on input line 6.
LaTeX Font Info:    Overwriting math alphabet `\mathtt' in version `normal'
(Font)                  OT1/cmtt/m/n --> OT1/cmtt/m/up on input line 6.
LaTeX Font Info:    Overwriting math alphabet `\mathtt' in version `bold'
(Font)                  OT1/cmtt/m/n --> OT1/cmtt/m/up on input line 6.
LaTeX Font Info:    Overwriting math alphabet `\mathsf' in version `bold'
(Font)                  OT1/cmss/m/up --> OT1/cmss/b/up on input line 6.
LaTeX Font Info:    Overwriting math alphabet `\mathit' in version `bold'
(Font)                  OT1/ccr/m/it --> OT1/ccr/b/it on input line 6.
*geometry* driver: auto-detecting
*geometry* detected driver: pdftex
*geometry* verbose mode - [ preamble ] result:
* driver: pdftex
* paper: a4paper
* layout: <same size as paper>
* layoutoffset:(h,v)=(0.0pt,0.0pt)
* modes: 
* h-part:(L,W,R)=(56.9055pt, 483.69687pt, 56.9055pt)
* v-part:(T,H,B)=(56.9055pt, 702.78308pt, 85.35826pt)
* \paperwidth=597.50787pt
* \paperheight=845.04684pt
* \textwidth=483.69687pt
* \textheight=702.78308pt
* \oddsidemargin=-15.36449pt
* \evensidemargin=-15.36449pt
* \topmargin=-15.36449pt
* \headheight=0.0pt
* \headsep=0.0pt
* \topskip=12.0pt
* \footskip=30.0pt
* \marginparwidth=35.0pt
* \marginparsep=10.0pt
* \columnsep=10.0pt
* \skip\footins=10.8pt plus 4.0pt minus 2.0pt
* \hoffset=0.0pt
* \voffset=0.0pt
* \mag=1000
* \@twocolumnfalse
* \@twosidefalse
* \@mparswitchfalse
* \@reversemarginfalse
* (1in=72.27pt=25.4mm, 1cm=28.453pt)


(C:\Users\matsi\AppData\Local\Programs\MiKTeX\tex/context/base/mkii\supp-pdf.mk
ii
[Loading MPS to PDF converter (version 2006.09.02).]
\scratchcounter=\count319
\scratchdimen=\dimen288
\scratchbox=\box69
\nofMPsegments=\count320
\nofMParguments=\count321
\everyMPshowfont=\toks45
\MPscratchCnt=\count322
\MPscratchDim=\dimen289
\MPnumerator=\count323
\makeMPintoPDFobject=\count324
\everyMPtoPDFconversion=\toks46
)
(C:\Users\matsi\AppData\Local\Programs\MiKTeX\tex/latex/epstopdf-pkg\epstopdf-b
ase.sty
Package: epstopdf-base 2020-01-24 v2.11 Base part for package epstopdf
Package epstopdf-base Info: Redefining graphics rule for `.eps' on input line 4
85.

(C:\Users\matsi\AppData\Local\Programs\MiKTeX\tex/latex/00miktex\epstopdf-sys.c
fg
File: epstopdf-sys.cfg 2021/03/18 v2.0 Configuration of epstopdf for MiKTeX
))
Package caption Info: Begin \AtBeginDocument code.
Package caption Info: End \AtBeginDocument code.

(C:\Users\matsi\AppData\Local\Programs\MiKTeX\tex/latex/pdflscape\pdflscape.sty
Package: pdflscape 2022-10-27 v0.13 Display of landscape pages in PDF

(C:\Users\matsi\AppData\Local\Programs\MiKTeX\tex/latex/pdflscape\pdflscape-nom
etadata.sty
Package: pdflscape-nometadata 2022-10-28 v0.13 Display of landscape pages in PD
F (HO)

(C:\Users\matsi\AppData\Local\Programs\MiKTeX\tex/latex/graphics\lscape.sty
Package: lscape 2020/05/28 v3.02 Landscape Pages (DPC)
)
Package pdflscape Info: Auto-detected driver: pdftex on input line 81.
))
LaTeX Font Info:    Font shape `OT1/ccr/sbc/n' in size <17.28> not available
(Font)              Font shape `OT1/cmss/sbc/n' tried instead on input line 11.

LaTeX Font Info:    Font shape `OT1/ccr/sbc/n' in size <14.4> not available
(Font)              Font shape `OT1/cmss/sbc/n' tried instead on input line 12.



LaTeX Font Warning: Font shape `OT1/ccr/m/up' undefined
(Font)              using `OT1/ccr/m/n' instead on input line 15.

LaTeX Font Info:    Trying to load font information for U+eur on input line 15.

(C:\Users\matsi\AppData\Local\Programs\MiKTeX\tex/latex/amsfonts\ueur.fd
File: ueur.fd 2013/01/14 v3.01 Euler Roman
)
LaTeX Font Info:    Trying to load font information for U+euf on input line 15.


(C:\Users\matsi\AppData\Local\Programs\MiKTeX\tex/latex/amsfonts\ueuf.fd
File: ueuf.fd 2013/01/14 v3.01 Euler Fraktur
)
LaTeX Font Info:    Trying to load font information for U+eus on input line 15.


(C:\Users\matsi\AppData\Local\Programs\MiKTeX\tex/latex/amsfonts\ueus.fd
File: ueus.fd 2013/01/14 v3.01 Euler Script
)
LaTeX Font Info:    Trying to load font information for U+euex on input line 15
.

(C:\Users\matsi\AppData\Local\Programs\MiKTeX\tex/latex/amsfonts\ueuex.fd
File: ueuex.fd 2013/01/14 v3.01 Euler extra symbols
)
LaTeX Font Info:    Trying to load font information for TS1+ccr on input line 2
8.

(C:\Users\matsi\AppData\Local\Programs\MiKTeX\tex/latex/ccfonts\ts1ccr.fd
File: ts1ccr.fd 1999/11/22 v1.0a (WaS)
)
LaTeX Font Info:    Font shape `OT1/ccr/sbc/n' in size <12> not available
(Font)              Font shape `OT1/cmss/sbc/n' tried instead on input line 29.


[1

{C:/Users/matsi/AppData/Local/MiKTeX/fonts/map/pdftex/pdftex.map}] [2]
[3] [4]
<Doc_20250302_185443.pdf, id=25, 598.235pt x 845.1575pt>
File: Doc_20250302_185443.pdf Graphic file (type pdf)
<use Doc_20250302_185443.pdf>
Package pdftex.def Info: Doc_20250302_185443.pdf  used on input line 101.
(pdftex.def)             Requested size: 598.23354pt x 845.15544pt.
<Doc_20250302_185443.pdf, id=27, page=4, 598.235pt x 845.1575pt>
File: Doc_20250302_185443.pdf Graphic file (type pdf)
<use Doc_20250302_185443.pdf, page 4>
Package pdftex.def Info: Doc_20250302_185443.pdf , page4 used on input line 101
.
(pdftex.def)             Requested size: 598.23354pt x 845.15544pt.
File: Doc_20250302_185443.pdf Graphic file (type pdf)
<use Doc_20250302_185443.pdf, page 4>
Package pdftex.def Info: Doc_20250302_185443.pdf , page4 used on input line 101
.
(pdftex.def)             Requested size: 597.7406pt x 844.45905pt.
 [5]
File: Doc_20250302_185443.pdf Graphic file (type pdf)
<use Doc_20250302_185443.pdf, page 4>
Package pdftex.def Info: Doc_20250302_185443.pdf , page4 used on input line 101
.
(pdftex.def)             Requested size: 597.7406pt x 844.45905pt.
File: Doc_20250302_185443.pdf Graphic file (type pdf)
<use Doc_20250302_185443.pdf, page 4>
Package pdftex.def Info: Doc_20250302_185443.pdf , page4 used on input line 101
.
(pdftex.def)             Requested size: 597.7406pt x 844.45905pt.
File: Doc_20250302_185443.pdf Graphic file (type pdf)
<use Doc_20250302_185443.pdf, page 4>
Package pdftex.def Info: Doc_20250302_185443.pdf , page4 used on input line 101
.
(pdftex.def)             Requested size: 597.7406pt x 844.45905pt.
 [6

 <./Doc_20250302_185443.pdf>]
<Doc_20250302_185443.pdf, id=47, page=3, 598.235pt x 845.1575pt>
File: Doc_20250302_185443.pdf Graphic file (type pdf)
<use Doc_20250302_185443.pdf, page 3>
Package pdftex.def Info: Doc_20250302_185443.pdf , page3 used on input line 101
.
(pdftex.def)             Requested size: 597.7406pt x 844.45905pt.
File: Doc_20250302_185443.pdf Graphic file (type pdf)
<use Doc_20250302_185443.pdf, page 3>
Package pdftex.def Info: Doc_20250302_185443.pdf , page3 used on input line 101
.
(pdftex.def)             Requested size: 597.7406pt x 844.45905pt.
File: Doc_20250302_185443.pdf Graphic file (type pdf)
<use Doc_20250302_185443.pdf, page 3>
Package pdftex.def Info: Doc_20250302_185443.pdf , page3 used on input line 101
.
(pdftex.def)             Requested size: 597.7406pt x 844.45905pt.
 [7

 <./Doc_20250302_185443.pdf>]
<Doc_20250302_185443.pdf, id=57, page=2, 598.235pt x 845.1575pt>
File: Doc_20250302_185443.pdf Graphic file (type pdf)
<use Doc_20250302_185443.pdf, page 2>
Package pdftex.def Info: Doc_20250302_185443.pdf , page2 used on input line 101
.
(pdftex.def)             Requested size: 597.7406pt x 844.45905pt.
File: Doc_20250302_185443.pdf Graphic file (type pdf)
<use Doc_20250302_185443.pdf, page 2>
Package pdftex.def Info: Doc_20250302_185443.pdf , page2 used on input line 101
.
(pdftex.def)             Requested size: 597.7406pt x 844.45905pt.
File: Doc_20250302_185443.pdf Graphic file (type pdf)
<use Doc_20250302_185443.pdf, page 2>
Package pdftex.def Info: Doc_20250302_185443.pdf , page2 used on input line 101
.
(pdftex.def)             Requested size: 597.7406pt x 844.45905pt.

[8

 <./Doc_20250302_185443.pdf>]
<Doc_20250302_185443.pdf, id=66, page=1, 598.235pt x 845.1575pt>
File: Doc_20250302_185443.pdf Graphic file (type pdf)
<use Doc_20250302_185443.pdf, page 1>
Package pdftex.def Info: Doc_20250302_185443.pdf , page1 used on input line 101
.
(pdftex.def)             Requested size: 597.7406pt x 844.45905pt.
File: Doc_20250302_185443.pdf Graphic file (type pdf)
<use Doc_20250302_185443.pdf, page 1>
Package pdftex.def Info: Doc_20250302_185443.pdf , page1 used on input line 101
.
(pdftex.def)             Requested size: 597.7406pt x 844.45905pt.
File: Doc_20250302_185443.pdf Graphic file (type pdf)
<use Doc_20250302_185443.pdf, page 1>
Package pdftex.def Info: Doc_20250302_185443.pdf , page1 used on input line 101
.
(pdftex.def)             Requested size: 597.7406pt x 844.45905pt.
 [9

 <./Doc_20250302_185443.pdf>] [10]

pdfTeX warning: pdflatex.exe (file ./Doc_20250307_180116.pdf): PDF inclusion: f
ound PDF version <1.7>, but at most version <1.5> allowed
<Doc_20250307_180116.pdf, id=78, 597.23125pt x 845.1575pt>
File: Doc_20250307_180116.pdf Graphic file (type pdf)
<use Doc_20250307_180116.pdf>
Package pdftex.def Info: Doc_20250307_180116.pdf  used on input line 113.
(pdftex.def)             Requested size: 597.22978pt x 845.15544pt.


pdfTeX warning: pdflatex.exe (file ./Doc_20250307_180116.pdf): PDF inclusion: f
ound PDF version <1.7>, but at most version <1.5> allowed


pdfTeX warning: pdflatex.exe (file ./Doc_20250307_180116.pdf): PDF inclusion: f
ound PDF version <1.7>, but at most version <1.5> allowed
<Doc_20250307_180116.pdf, id=80, page=1, 597.23125pt x 845.1575pt>
File: Doc_20250307_180116.pdf Graphic file (type pdf)
<use Doc_20250307_180116.pdf, page 1>
Package pdftex.def Info: Doc_20250307_180116.pdf , page1 used on input line 113
.
(pdftex.def)             Requested size: 597.22978pt x 845.15544pt.
File: Doc_20250307_180116.pdf Graphic file (type pdf)
<use Doc_20250307_180116.pdf, page 1>
Package pdftex.def Info: Doc_20250307_180116.pdf , page1 used on input line 113
.
(pdftex.def)             Requested size: 597.25711pt x 845.19412pt.
[11]
File: Doc_20250307_180116.pdf Graphic file (type pdf)
<use Doc_20250307_180116.pdf, page 1>
Package pdftex.def Info: Doc_20250307_180116.pdf , page1 used on input line 113
.
(pdftex.def)             Requested size: 597.25711pt x 845.19412pt.
File: Doc_20250307_180116.pdf Graphic file (type pdf)
<use Doc_20250307_180116.pdf, page 1>
Package pdftex.def Info: Doc_20250307_180116.pdf , page1 used on input line 113
.
(pdftex.def)             Requested size: 597.25711pt x 845.19412pt.
File: Doc_20250307_180116.pdf Graphic file (type pdf)
<use Doc_20250307_180116.pdf, page 1>
Package pdftex.def Info: Doc_20250307_180116.pdf , page1 used on input line 113
.
(pdftex.def)             Requested size: 597.25711pt x 845.19412pt.
 [12

 <./Doc_20250307_180116.pdf, page is rotated 270 degrees>]

pdfTeX warning: pdflatex.exe (file ./Doc_20250307_180116.pdf): PDF inclusion: f
ound PDF version <1.7>, but at most version <1.5> allowed
<Doc_20250307_180116.pdf, id=107, page=2, 597.23125pt x 845.1575pt>
File: Doc_20250307_180116.pdf Graphic file (type pdf)
<use Doc_20250307_180116.pdf, page 2>
Package pdftex.def Info: Doc_20250307_180116.pdf , page2 used on input line 113
.
(pdftex.def)             Requested size: 597.25711pt x 845.19412pt.
File: Doc_20250307_180116.pdf Graphic file (type pdf)
<use Doc_20250307_180116.pdf, page 2>
Package pdftex.def Info: Doc_20250307_180116.pdf , page2 used on input line 113
.
(pdftex.def)             Requested size: 597.25711pt x 845.19412pt.
File: Doc_20250307_180116.pdf Graphic file (type pdf)
<use Doc_20250307_180116.pdf, page 2>
Package pdftex.def Info: Doc_20250307_180116.pdf , page2 used on input line 113
.
(pdftex.def)             Requested size: 597.25711pt x 845.19412pt.
[13

 <./Doc_20250307_180116.pdf, page is rotated 90 degrees>]
<Doc_20250309_183606.pdf, id=150, 598.235pt x 845.1575pt>
File: Doc_20250309_183606.pdf Graphic file (type pdf)
<use Doc_20250309_183606.pdf>
Package pdftex.def Info: Doc_20250309_183606.pdf  used on input line 114.
(pdftex.def)             Requested size: 598.23354pt x 845.15544pt.
<Doc_20250309_183606.pdf, id=152, page=1, 598.235pt x 845.1575pt>
File: Doc_20250309_183606.pdf Graphic file (type pdf)
<use Doc_20250309_183606.pdf, page 1>
Package pdftex.def Info: Doc_20250309_183606.pdf , page1 used on input line 114
.
(pdftex.def)             Requested size: 598.23354pt x 845.15544pt.
File: Doc_20250309_183606.pdf Graphic file (type pdf)
<use Doc_20250309_183606.pdf, page 1>
Package pdftex.def Info: Doc_20250309_183606.pdf , page1 used on input line 114
.
(pdftex.def)             Requested size: 597.7406pt x 844.45905pt.
File: Doc_20250309_183606.pdf Graphic file (type pdf)
<use Doc_20250309_183606.pdf, page 1>
Package pdftex.def Info: Doc_20250309_183606.pdf , page1 used on input line 114
.
(pdftex.def)             Requested size: 597.7406pt x 844.45905pt.
File: Doc_20250309_183606.pdf Graphic file (type pdf)
<use Doc_20250309_183606.pdf, page 1>
Package pdftex.def Info: Doc_20250309_183606.pdf , page1 used on input line 114
.
(pdftex.def)             Requested size: 597.7406pt x 844.45905pt.
File: Doc_20250309_183606.pdf Graphic file (type pdf)
<use Doc_20250309_183606.pdf, page 1>
Package pdftex.def Info: Doc_20250309_183606.pdf , page1 used on input line 114
.
(pdftex.def)             Requested size: 597.7406pt x 844.45905pt.
 [14

 <./Doc_20250309_183606.pdf, page is rotated 270 degrees>]
<Doc_20250309_183606.pdf, id=179, page=2, 598.235pt x 845.1575pt>
File: Doc_20250309_183606.pdf Graphic file (type pdf)
<use Doc_20250309_183606.pdf, page 2>
Package pdftex.def Info: Doc_20250309_183606.pdf , page2 used on input line 114
.
(pdftex.def)             Requested size: 597.7406pt x 844.45905pt.
File: Doc_20250309_183606.pdf Graphic file (type pdf)
<use Doc_20250309_183606.pdf, page 2>
Package pdftex.def Info: Doc_20250309_183606.pdf , page2 used on input line 114
.
(pdftex.def)             Requested size: 597.7406pt x 844.45905pt.
File: Doc_20250309_183606.pdf Graphic file (type pdf)
<use Doc_20250309_183606.pdf, page 2>
Package pdftex.def Info: Doc_20250309_183606.pdf , page2 used on input line 114
.
(pdftex.def)             Requested size: 597.7406pt x 844.45905pt.
 [15

 <./Doc_20250309_183606.pdf, page is rotated 90 degrees>]

pdfTeX warning: pdflatex.exe (file ./Doc_20250302_185443(1).pdf): PDF inclusion
: found PDF version <1.7>, but at most version <1.5> allowed
<Doc_20250302_185443(1).pdf, id=218, 598.235pt x 845.1575pt>
File: Doc_20250302_185443(1).pdf Graphic file (type pdf)
<use Doc_20250302_185443(1).pdf>
Package pdftex.def Info: Doc_20250302_185443(1).pdf  used on input line 115.
(pdftex.def)             Requested size: 598.23354pt x 845.15544pt.


pdfTeX warning: pdflatex.exe (file ./Doc_20250302_185443(1).pdf): PDF inclusion
: found PDF version <1.7>, but at most version <1.5> allowed


pdfTeX warning: pdflatex.exe (file ./Doc_20250302_185443(1).pdf): PDF inclusion
: found PDF version <1.7>, but at most version <1.5> allowed
<Doc_20250302_185443(1).pdf, id=220, page=4, 598.235pt x 845.1575pt>
File: Doc_20250302_185443(1).pdf Graphic file (type pdf)
<use Doc_20250302_185443(1).pdf, page 4>
Package pdftex.def Info: Doc_20250302_185443(1).pdf , page4 used on input line 
115.
(pdftex.def)             Requested size: 598.23354pt x 845.15544pt.
File: Doc_20250302_185443(1).pdf Graphic file (type pdf)
<use Doc_20250302_185443(1).pdf, page 4>
Package pdftex.def Info: Doc_20250302_185443(1).pdf , page4 used on input line 
115.
(pdftex.def)             Requested size: 597.7406pt x 844.45905pt.
File: Doc_20250302_185443(1).pdf Graphic file (type pdf)
<use Doc_20250302_185443(1).pdf, page 4>
Package pdftex.def Info: Doc_20250302_185443(1).pdf , page4 used on input line 
115.
(pdftex.def)             Requested size: 597.7406pt x 844.45905pt.
File: Doc_20250302_185443(1).pdf Graphic file (type pdf)
<use Doc_20250302_185443(1).pdf, page 4>
Package pdftex.def Info: Doc_20250302_185443(1).pdf , page4 used on input line 
115.
(pdftex.def)             Requested size: 597.7406pt x 844.45905pt.
File: Doc_20250302_185443(1).pdf Graphic file (type pdf)
<use Doc_20250302_185443(1).pdf, page 4>
Package pdftex.def Info: Doc_20250302_185443(1).pdf , page4 used on input line 
115.
(pdftex.def)             Requested size: 597.7406pt x 844.45905pt.
[16

 <./Doc_20250302_185443(1).pdf>]

pdfTeX warning: pdflatex.exe (file ./Doc_20250302_185443(1).pdf): PDF inclusion
: found PDF version <1.7>, but at most version <1.5> allowed
<Doc_20250302_185443(1).pdf, id=248, page=3, 598.235pt x 845.1575pt>
File: Doc_20250302_185443(1).pdf Graphic file (type pdf)
<use Doc_20250302_185443(1).pdf, page 3>
Package pdftex.def Info: Doc_20250302_185443(1).pdf , page3 used on input line 
115.
(pdftex.def)             Requested size: 597.7406pt x 844.45905pt.
File: Doc_20250302_185443(1).pdf Graphic file (type pdf)
<use Doc_20250302_185443(1).pdf, page 3>
Package pdftex.def Info: Doc_20250302_185443(1).pdf , page3 used on input line 
115.
(pdftex.def)             Requested size: 597.7406pt x 844.45905pt.
File: Doc_20250302_185443(1).pdf Graphic file (type pdf)
<use Doc_20250302_185443(1).pdf, page 3>
Package pdftex.def Info: Doc_20250302_185443(1).pdf , page3 used on input line 
115.
(pdftex.def)             Requested size: 597.7406pt x 844.45905pt.
[17

 <./Doc_20250302_185443(1).pdf>]

pdfTeX warning: pdflatex.exe (file ./Doc_20250302_185443(1).pdf): PDF inclusion
: found PDF version <1.7>, but at most version <1.5> allowed
<Doc_20250302_185443(1).pdf, id=285, page=2, 598.235pt x 845.1575pt>
File: Doc_20250302_185443(1).pdf Graphic file (type pdf)
<use Doc_20250302_185443(1).pdf, page 2>
Package pdftex.def Info: Doc_20250302_185443(1).pdf , page2 used on input line 
115.
(pdftex.def)             Requested size: 597.7406pt x 844.45905pt.
File: Doc_20250302_185443(1).pdf Graphic file (type pdf)
<use Doc_20250302_185443(1).pdf, page 2>
Package pdftex.def Info: Doc_20250302_185443(1).pdf , page2 used on input line 
115.
(pdftex.def)             Requested size: 597.7406pt x 844.45905pt.
File: Doc_20250302_185443(1).pdf Graphic file (type pdf)
<use Doc_20250302_185443(1).pdf, page 2>
Package pdftex.def Info: Doc_20250302_185443(1).pdf , page2 used on input line 
115.
(pdftex.def)             Requested size: 597.7406pt x 844.45905pt.
[18

 <./Doc_20250302_185443(1).pdf>]

pdfTeX warning: pdflatex.exe (file ./Doc_20250302_185443(1).pdf): PDF inclusion
: found PDF version <1.7>, but at most version <1.5> allowed
<Doc_20250302_185443(1).pdf, id=322, page=1, 598.235pt x 845.1575pt>
File: Doc_20250302_185443(1).pdf Graphic file (type pdf)
<use Doc_20250302_185443(1).pdf, page 1>
Package pdftex.def Info: Doc_20250302_185443(1).pdf , page1 used on input line 
115.
(pdftex.def)             Requested size: 597.7406pt x 844.45905pt.
File: Doc_20250302_185443(1).pdf Graphic file (type pdf)
<use Doc_20250302_185443(1).pdf, page 1>
Package pdftex.def Info: Doc_20250302_185443(1).pdf , page1 used on input line 
115.
(pdftex.def)             Requested size: 597.7406pt x 844.45905pt.
File: Doc_20250302_185443(1).pdf Graphic file (type pdf)
<use Doc_20250302_185443(1).pdf, page 1>
Package pdftex.def Info: Doc_20250302_185443(1).pdf , page1 used on input line 
115.
(pdftex.def)             Requested size: 597.7406pt x 844.45905pt.
[19

 <./Doc_20250302_185443(1).pdf>]

enddocument/afterlastpage: lastpage setting LastPage.
(project.aux)

LaTeX Font Warning: Some font shapes were not available, defaults substituted.

 ) 
Here is how much of TeX's memory you used:
 18116 strings out of 476361
 370923 string characters out of 5788046
 1862993 words of memory out of 5000000
 38167 multiletter control sequences out of 15000+600000
 524978 words of font info for 81 fonts, out of 8000000 for 9000
 1141 hyphenation exceptions out of 8191
 84i,17n,91p,822b,1060s stack positions out of 10000i,1000n,20000p,200000b,200000s
 <C:\Users\matsi\AppData\Local\MiKTeX\fonts/pk/ljfour/public/ecc/dpi720\torm1
0.pk> <C:\Users\matsi\AppData\Local\MiKTeX\fonts/pk/ljfour/public/concrete/dpi7
20\ccr10.pk><C:/Users/matsi/AppData/Local/Programs/MiKTeX/fonts/type1/public/am
sfonts/cmextra/cmex8.pfb><C:/Users/matsi/AppData/Local/Programs/MiKTeX/fonts/ty
pe1/public/amsfonts/cm/cmssdc10.pfb><C:/Users/matsi/AppData/Local/Programs/MiKT
eX/fonts/type1/public/amsfonts/cm/cmsy10.pfb><C:/Users/matsi/AppData/Local/Prog
rams/MiKTeX/fonts/type1/public/amsfonts/euler/euex10.pfb><C:/Users/matsi/AppDat
a/Local/Programs/MiKTeX/fonts/type1/public/amsfonts/euler/eufm10.pfb><C:/Users/
matsi/AppData/Local/Programs/MiKTeX/fonts/type1/public/amsfonts/euler/eufm7.pfb
><C:/Users/matsi/AppData/Local/Programs/MiKTeX/fonts/type1/public/amsfonts/eule
r/eurm10.pfb><C:/Users/matsi/AppData/Local/Programs/MiKTeX/fonts/type1/public/a
msfonts/euler/eurm7.pfb><C:/Users/matsi/AppData/Local/Programs/MiKTeX/fonts/typ
e1/public/amsfonts/euler/eusm10.pfb>
Output written on project.pdf (19 pages, 786512 bytes).
PDF statistics:
 448 PDF objects out of 1000 (max. 8388607)
 0 named destinations out of 1000 (max. 500000)
 113 words of extra memory for PDF output out of 10000 (max. 10000000)

